 
 -------------- celery@FunctionalFactory v5.5.3 (immunity)
--- ***** ----- 
-- ******* ---- macOS-15.7-arm64-arm-64bit-Mach-O 2025-09-30 19:28:21
- *** --- * --- 
- ** ---------- [config]
- ** ---------- .> app:         music_assistant_v4:0x104429d30
- ** ---------- .> transport:   redis://localhost:6379/0
- ** ---------- .> results:     redis://localhost:6379/0
- *** --- * --- .> concurrency: 11 (solo)
-- ******* ---- .> task events: OFF (enable -E to monitor tasks in this worker)
--- ***** ----- 
 -------------- [queues]
                .> celery           exchange=celery(direct) key=celery
                

[tasks]
  . app.tasks.audio_tasks.analyze_audio_async

[2025-09-30 19:28:21,632: INFO/MainProcess] Connected to redis://localhost:6379/0
[2025-09-30 19:28:21,634: INFO/MainProcess] mingle: searching for neighbors
[2025-09-30 19:28:22,640: INFO/MainProcess] mingle: all alone
[2025-09-30 19:28:22,650: INFO/MainProcess] celery@FunctionalFactory ready.
[2025-09-30 19:29:13,354: INFO/MainProcess] Task app.tasks.audio_tasks.analyze_audio_async[27262326-9100-49d9-a5ea-06f30f178510] received
[2025-09-30 19:29:15,379: INFO/MainProcess] Task app.tasks.audio_tasks.analyze_audio_async[27262326-9100-49d9-a5ea-06f30f178510] succeeded in 2.024532542000088s: {'waveform': {'data': [2.5501798819904144e-15, -1.4133303416485887e-08, 0.0, 2.7481577014043523e-09, -0.00011794097372330725, -0.0002633662661537528, 1.1477037332952023e-05, -7.41873009246774e-05, 1.3146384844731074e-05, 0.00019386880740057677, 0.014173566363751888, 0.0169227235019207, -0.059843629598617554, -0.07312814891338348, 0.029247701168060303, 0.044799186289310455, 0.03129897639155388, -0.05990041419863701, 0.006141043733805418, -0.0024229506962001324, 0.10400871187448502, 0.10404238104820251, -0.08290603756904602, 0.09218399226665497, 0.049708761274814606, -0.07568546384572983, -0.05127152428030968, 0.0277866180986166, -0.015059818513691425, 0.12001816928386688, -0.011528398841619492, 0.0455445796251297, -0.025320786982774734, 0.0066505782306194305, 0.009956428781151772, 0.051114752888679504, 0.013867203146219254, -0.048937782645225525, -0.008621245622634888, 0.0029818250332027674, 0.0032739490270614624, -0.022363394498825073, 0.05450008809566498, -0.022568481042981148, -0.005541125312447548, 0.02745..., ...]}}
